2025-04-22 23:22:25,853 - INFO - Generated captcha code: TWZJ
2025-04-22 23:22:47,478 - INFO - App has started successfully.
2025-04-22 23:23:27,237 - INFO - App has started successfully.
2025-04-22 23:24:00,005 - INFO - App has started successfully.
2025-04-22 23:24:00,236 - INFO - Generated captcha code: U043
2025-04-22 23:24:52,918 - INFO - App has started successfully.
2025-04-22 23:24:57,576 - INFO - App has started successfully.
2025-04-22 23:24:58,706 - INFO - Generated captcha code: 3BCG
2025-04-22 23:25:01,654 - DEBUG - Session data: {}
2025-04-22 23:25:01,654 - DEBUG - Received data: {'username': 'liujm1112@gmail.com', 'password': '556520@ljm', 'password1': '235', 'code': '345'}
2025-04-22 23:25:01,654 - WARNING - No captcha code found in session
2025-04-22 23:25:24,351 - INFO - App has started successfully.
2025-04-22 23:25:31,041 - INFO - App has started successfully.
2025-04-22 23:25:35,765 - INFO - App has started successfully.
2025-04-22 23:25:39,439 - INFO - App has started successfully.
2025-04-22 23:25:40,161 - DEBUG - Session data: {}
2025-04-22 23:25:40,162 - DEBUG - Received data: {'username': 'liujm1112@gmail.com', 'password': '556520@ljm', 'password1': '235', 'code': '345'}
2025-04-22 23:25:40,162 - WARNING - No captcha code found in session
2025-04-22 23:25:46,106 - INFO - App has started successfully.
2025-04-22 23:25:46,861 - DEBUG - Session data: {}
2025-04-22 23:25:46,861 - DEBUG - Received data: {'username': 'liujm1112@gmail.com', 'password': '556520@ljm', 'password1': '235', 'code': '345'}
2025-04-22 23:25:46,862 - WARNING - No captcha code found in session
2025-04-22 23:26:20,880 - INFO - App has started successfully.
2025-04-22 23:26:28,506 - INFO - App has started successfully.
2025-04-22 23:26:31,118 - DEBUG - Session data: {}
2025-04-22 23:26:31,118 - DEBUG - Received data: {'username': 'liujm1112@gmail.com', 'password': '556520@ljm', 'password1': '235', 'code': '345'}
2025-04-22 23:26:31,118 - WARNING - No captcha code found in session
2025-04-22 23:26:32,407 - INFO - Generated captcha code: JQNL
2025-04-22 23:26:32,835 - INFO - Generated captcha code: AFMS
2025-04-22 23:26:33,060 - INFO - Generated captcha code: J2OD
2025-04-22 23:27:03,877 - INFO - Generated captcha code: XOCW
2025-04-22 23:27:06,095 - DEBUG - Session data: {}
2025-04-22 23:27:06,096 - DEBUG - Received data: {'username': 'liujm1112@gmail.com', 'password': '556520@ljm', 'password1': '45', 'code': '345'}
2025-04-22 23:27:06,096 - WARNING - No captcha code found in session
2025-04-22 23:27:41,504 - INFO - App has started successfully.
2025-04-22 23:27:45,219 - INFO - App has started successfully.
2025-04-22 23:27:46,797 - DEBUG - Session data: {}
2025-04-22 23:27:46,797 - DEBUG - Received data: {'username': 'liujm1112@gmail.com', 'password': '556520@ljm', 'password1': '45', 'code': '345'}
2025-04-22 23:27:46,797 - WARNING - No captcha code found in session
2025-04-22 23:27:48,002 - INFO - Generated captcha code: LY1H
2025-04-22 23:27:49,681 - DEBUG - Session data: {}
2025-04-22 23:27:49,681 - DEBUG - Received data: {'username': 'liujm1112@gmail.com', 'password': '556520@ljm', 'password1': '123', 'code': '234'}
2025-04-22 23:27:49,681 - WARNING - No captcha code found in session
2025-04-22 23:28:16,923 - INFO - Generated captcha code: Q1B4
2025-04-22 23:28:18,621 - DEBUG - Session data: {}
2025-04-22 23:28:18,621 - DEBUG - Received data: {'username': 'liujm1112@gmail.com', 'password': '556520@ljm', 'password1': '432534', 'code': '346'}
2025-04-22 23:28:18,621 - WARNING - No captcha code found in session
2025-04-22 23:28:36,961 - DEBUG - Session data: {}
2025-04-22 23:28:36,961 - DEBUG - Received data: {'username': 'liujm1112@gmail.com', 'password': '556520@ljm', 'password1': '432534', 'code': 'Q1B'}
2025-04-22 23:28:36,961 - WARNING - No captcha code found in session
2025-04-22 23:28:38,966 - INFO - Generated captcha code: HRG1
2025-04-22 23:28:43,948 - DEBUG - Session data: {}
2025-04-22 23:28:43,948 - DEBUG - Received data: {'username': 'liujm1112@gmail.com', 'password': '556520@ljm', 'password1': '432534', 'code': 'HRG1'}
2025-04-22 23:28:43,948 - WARNING - No captcha code found in session
2025-04-22 23:29:04,254 - INFO - App has started successfully.
2025-04-22 23:29:06,604 - DEBUG - Session data: {}
2025-04-22 23:29:06,604 - DEBUG - Received data: {'username': 'liujm1112@gmail.com', 'password': '556520@ljm', 'password1': '432534', 'code': 'HRG1'}
2025-04-22 23:29:06,604 - WARNING - No captcha code found in session
2025-04-22 23:29:27,021 - INFO - App has started successfully.
2025-04-22 23:31:47,259 - INFO - App has started successfully.
2025-04-22 23:31:51,961 - INFO - App has started successfully.
2025-04-22 23:32:27,809 - INFO - App has started successfully.
2025-04-22 23:32:31,402 - INFO - App has started successfully.
2025-04-22 23:33:29,235 - INFO - Generated captcha code: MOFY
2025-04-22 23:33:56,158 - INFO - Generated captcha code: 6RMO
2025-04-22 23:33:57,277 - INFO - Generated captcha code: STFK
2025-04-22 23:33:57,539 - INFO - Generated captcha code: Q27S
2025-04-22 23:33:59,696 - INFO - Generated captcha code: 2BVG
2025-04-22 23:34:31,145 - INFO - Generated captcha code: N44B
2025-04-22 23:34:34,134 - INFO - Generated captcha code: IJP8
2025-04-22 23:40:49,237 - INFO - Generated captcha code: R3P8
2025-04-22 23:40:51,913 - INFO - Generated captcha code: NCRR
2025-04-22 23:40:52,441 - INFO - Generated captcha code: LT1K
2025-04-22 23:42:40,270 - INFO - Generated captcha code: LWTY
2025-04-22 23:42:42,877 - INFO - Generated captcha code: A20Z
2025-04-22 23:42:44,700 - INFO - Generated captcha code: GT52
2025-04-22 23:43:04,996 - INFO - Generated captcha code: IV6L
2025-04-22 23:43:05,825 - INFO - Generated captcha code: 9OL4
2025-04-22 23:43:23,736 - INFO - Generated captcha code: BAX9
2025-04-22 23:43:25,757 - DEBUG - Session data: {}
2025-04-22 23:43:25,758 - DEBUG - Received data: {'username': 'liujm1112@gmail.com', 'password': '556520@ljm', 'password1': '234', 'code': '452345'}
2025-04-22 23:43:25,758 - WARNING - No captcha code found in session
2025-04-22 23:43:32,821 - INFO - Generated captcha code: 7YWB
2025-04-22 23:43:38,549 - DEBUG - Session data: {}
2025-04-22 23:43:38,550 - DEBUG - Received data: {'username': 'liujm1112@gmail.com', 'password': '556520@ljm', 'password1': '234', 'code': '7ywb'}
2025-04-22 23:43:38,550 - WARNING - No captcha code found in session
2025-04-22 23:44:42,729 - INFO - Generated captcha code: SAN8
2025-04-22 23:44:47,309 - DEBUG - Session data: {}
2025-04-22 23:44:47,309 - DEBUG - Received data: {'username': 'liujm1112@gmail.com', 'password': '556520@ljm', 'password1': '123123', 'code': 'san8'}
2025-04-22 23:44:47,309 - WARNING - No captcha code found in session
2025-04-22 23:45:00,685 - INFO - Generated captcha code: 6WUH
2025-04-22 23:45:28,161 - INFO - Generated captcha code: WT4X
2025-04-22 23:46:12,914 - INFO - Generated captcha code: MY21
2025-04-22 23:46:20,137 - INFO - Generated captcha code: 5Y9K
2025-04-22 23:48:52,525 - DEBUG - Session data: {}
2025-04-22 23:48:52,525 - DEBUG - Received data: {'username': 'liujm1112@gmail.com', 'password': '556520@ljm', 'password1': '124235', 'code': '4356436'}
2025-04-22 23:48:52,525 - WARNING - No captcha code found in session
2025-04-22 23:48:53,691 - DEBUG - Session data: {}
2025-04-22 23:48:53,691 - DEBUG - Received data: {'username': 'liujm1112@gmail.com', 'password': '556520@ljm', 'password1': '124235', 'code': '4356436'}
2025-04-22 23:48:53,691 - WARNING - No captcha code found in session
2025-04-22 23:48:54,044 - DEBUG - Session data: {}
2025-04-22 23:48:54,044 - DEBUG - Received data: {'username': 'liujm1112@gmail.com', 'password': '556520@ljm', 'password1': '124235', 'code': '4356436'}
2025-04-22 23:48:54,044 - WARNING - No captcha code found in session
2025-04-22 23:48:54,213 - DEBUG - Session data: {}
2025-04-22 23:48:54,213 - DEBUG - Received data: {'username': 'liujm1112@gmail.com', 'password': '556520@ljm', 'password1': '124235', 'code': '4356436'}
2025-04-22 23:48:54,213 - WARNING - No captcha code found in session
2025-04-22 23:50:10,449 - INFO - Generated captcha code: OTQG
2025-04-22 23:50:12,056 - DEBUG - Session data: {}
2025-04-22 23:50:12,056 - DEBUG - Received data: {'username': 'liujm1112@gmail.com', 'password': '556520@ljm', 'password1': '123', 'code': '345'}
2025-04-22 23:50:12,057 - WARNING - No captcha code found in session
2025-04-22 23:50:20,039 - DEBUG - Session data: {}
2025-04-22 23:50:20,039 - DEBUG - Received data: {'username': 'liujm1112@gmail.com', 'password': '556520@ljm', 'password1': '123', 'code': 'OTQG'}
2025-04-22 23:50:20,039 - WARNING - No captcha code found in session
2025-04-22 23:50:32,582 - INFO - Generated captcha code: ZU1T
2025-04-22 23:50:35,979 - DEBUG - Session data: {}
2025-04-22 23:50:35,979 - DEBUG - Received data: {'username': 'liujm1112@gmail.com', 'password': '556520@ljm', 'password1': '23542345', 'code': '3546436'}
2025-04-22 23:50:35,979 - WARNING - No captcha code found in session
2025-04-22 23:51:50,126 - INFO - Generated captcha code: 483Q
2025-04-22 23:51:56,851 - INFO - Generated captcha code: YNCD
2025-04-22 23:51:58,527 - INFO - Generated captcha code: P8YK
2025-04-22 23:52:00,119 - DEBUG - Session data: {}
2025-04-22 23:52:00,119 - DEBUG - Received data: {'username': 'liujm1112@gmail.com', 'password': '556520@ljm', 'password1': '345', 'code': '546'}
2025-04-22 23:52:00,119 - WARNING - No captcha code found in session
2025-04-22 23:52:01,010 - DEBUG - Session data: {}
2025-04-22 23:52:01,010 - DEBUG - Received data: {'username': 'liujm1112@gmail.com', 'password': '556520@ljm', 'password1': '345', 'code': '546'}
2025-04-22 23:52:01,010 - WARNING - No captcha code found in session
2025-04-22 23:52:01,189 - DEBUG - Session data: {}
2025-04-22 23:52:01,189 - DEBUG - Received data: {'username': 'liujm1112@gmail.com', 'password': '556520@ljm', 'password1': '345', 'code': '546'}
2025-04-22 23:52:01,189 - WARNING - No captcha code found in session
2025-04-22 23:52:01,347 - DEBUG - Session data: {}
2025-04-22 23:52:01,347 - DEBUG - Received data: {'username': 'liujm1112@gmail.com', 'password': '556520@ljm', 'password1': '345', 'code': '546'}
2025-04-22 23:52:01,347 - WARNING - No captcha code found in session
2025-04-22 23:52:05,888 - DEBUG - Session data: {}
2025-04-22 23:52:05,888 - DEBUG - Received data: {'username': 'liujm1112@gmail.com', 'password': '556520@ljm', 'password1': '345', 'code': 'P8YK'}
2025-04-22 23:52:05,888 - WARNING - No captcha code found in session
2025-04-22 23:53:02,192 - DEBUG - Session data: {}
2025-04-22 23:53:02,192 - DEBUG - Received data: {'username': 'liujm1112@gmail.com', 'password': '556520@ljm', 'password1': '345', 'code': 'P8YK'}
2025-04-22 23:53:02,192 - WARNING - No captcha code found in session
2025-04-22 23:54:24,903 - INFO - Generated captcha code: HXSU
2025-04-22 23:54:27,676 - INFO - Generated captcha code: 4WXM
2025-04-22 23:56:35,202 - INFO - Generated captcha code: OCB9
2025-04-22 23:56:36,184 - INFO - Generated captcha code: 62WW
2025-04-22 23:58:36,146 - INFO - Generated captcha code: 8PLA
