2025-04-23 20:19:33,529 - DEBUG - Generated captcha code
2025-04-23 20:27:45,195 - DEBUG - Generated captcha code
2025-04-23 20:27:47,995 - DEBUG - Generated captcha code
2025-04-23 20:27:50,229 - DEBUG - Generated captcha code
2025-04-23 20:28:58,195 - DEBUG - Generated captcha code
2025-04-23 20:32:16,184 - DEBUG - Generated captcha code
2025-04-23 20:32:20,727 - DEBUG - Generated captcha code
2025-04-23 20:33:17,478 - DEBUG - Generated captcha code
2025-04-23 20:33:25,982 - DEBUG - Generated captcha code
2025-04-23 20:33:26,566 - DEBUG - Generated captcha code
2025-04-23 20:35:39,218 - DEBUG - Generated captcha code
2025-04-23 20:36:09,651 - DEBUG - Generated captcha code
2025-04-23 20:36:10,306 - DEBUG - Generated captcha code
2025-04-23 20:36:16,666 - DEBUG - Generated captcha code
2025-04-23 20:36:54,188 - DEBUG - Generated captcha code
2025-04-23 20:37:50,529 - DEBUG - Generated captcha code
2025-04-23 20:54:20,869 - DEBUG - Generated captcha code
2025-04-23 20:54:21,541 - DEBUG - Generated captcha code
2025-04-23 20:55:05,718 - DEBUG - Generated captcha code
2025-04-23 20:56:40,155 - DEBUG - Generated captcha code
2025-04-23 20:56:40,349 - DEBUG - Generated captcha code
2025-04-23 20:57:01,992 - DEBUG - Generated captcha code
2025-04-23 20:57:02,293 - DEBUG - Generated captcha code
2025-04-23 20:57:42,932 - DEBUG - Generated captcha code
2025-04-23 20:57:42,949 - DEBUG - Generated captcha code
2025-04-23 20:57:51,779 - DEBUG - Generated captcha code
2025-04-23 20:57:51,789 - DEBUG - Generated captcha code
2025-04-23 20:58:46,041 - DEBUG - Generated captcha code
2025-04-23 20:58:46,045 - DEBUG - Generated captcha code
2025-04-23 20:58:47,757 - DEBUG - Generated captcha code
2025-04-23 20:58:47,767 - DEBUG - Generated captcha code
2025-04-23 20:58:54,931 - DEBUG - Generated captcha code
2025-04-23 20:58:55,027 - DEBUG - Generated captcha code
2025-04-23 20:58:55,065 - DEBUG - Generated captcha code
2025-04-23 20:58:55,068 - DEBUG - Generated captcha code
2025-04-23 20:59:00,830 - DEBUG - Generated captcha code
2025-04-23 20:59:00,834 - DEBUG - Generated captcha code
2025-04-23 20:59:00,937 - DEBUG - Generated captcha code
2025-04-23 20:59:00,978 - DEBUG - Generated captcha code
2025-04-23 20:59:01,913 - DEBUG - Generated captcha code
2025-04-23 20:59:01,919 - DEBUG - Generated captcha code
2025-04-23 20:59:32,929 - DEBUG - Generated captcha code
2025-04-23 20:59:32,941 - DEBUG - Generated captcha code
2025-04-23 20:59:33,989 - DEBUG - Generated captcha code
2025-04-23 20:59:33,994 - DEBUG - Generated captcha code
2025-04-23 21:00:05,796 - DEBUG - Generated captcha code
2025-04-23 21:00:05,800 - DEBUG - Generated captcha code
2025-04-23 21:00:06,031 - DEBUG - Generated captcha code
2025-04-23 21:00:06,092 - DEBUG - Generated captcha code
2025-04-23 21:00:06,821 - DEBUG - Generated captcha code
2025-04-23 21:00:06,829 - DEBUG - Generated captcha code
2025-04-23 21:00:36,671 - DEBUG - Generated captcha code
2025-04-23 21:00:36,696 - DEBUG - Generated captcha code
2025-04-23 21:00:37,056 - DEBUG - Generated captcha code
2025-04-23 21:00:37,059 - DEBUG - Generated captcha code
2025-04-23 21:00:59,787 - DEBUG - Generated captcha code
2025-04-23 21:00:59,791 - DEBUG - Generated captcha code
2025-04-23 21:01:00,111 - DEBUG - Generated captcha code
2025-04-23 21:01:00,125 - DEBUG - Generated captcha code
2025-04-23 21:01:17,949 - DEBUG - Generated captcha code
2025-04-23 21:01:17,961 - DEBUG - Generated captcha code
2025-04-23 21:01:23,781 - DEBUG - Generated captcha code
2025-04-23 21:01:23,785 - DEBUG - Generated captcha code
2025-04-23 21:01:23,940 - DEBUG - Generated captcha code
2025-04-23 21:01:23,966 - DEBUG - Generated captcha code
2025-04-23 21:01:25,477 - DEBUG - Generated captcha code
2025-04-23 21:01:25,487 - DEBUG - Generated captcha code
2025-04-23 21:02:04,170 - DEBUG - Generated captcha code
2025-04-23 21:02:04,179 - DEBUG - Generated captcha code
2025-04-23 21:02:10,777 - DEBUG - Generated captcha code
2025-04-23 21:02:10,787 - DEBUG - Generated captcha code
2025-04-23 21:02:10,856 - DEBUG - Generated captcha code
2025-04-23 21:02:10,899 - DEBUG - Generated captcha code
2025-04-23 21:02:12,041 - DEBUG - Generated captcha code
2025-04-23 21:02:12,048 - DEBUG - Generated captcha code
2025-04-23 21:02:28,247 - DEBUG - Generated captcha code
2025-04-23 21:02:28,263 - DEBUG - Generated captcha code
2025-04-23 21:02:42,757 - DEBUG - Generated captcha code
2025-04-23 21:02:42,760 - DEBUG - Generated captcha code
2025-04-23 21:02:43,055 - DEBUG - Generated captcha code
2025-04-23 21:02:43,110 - DEBUG - Generated captcha code
2025-04-23 21:02:51,859 - DEBUG - Generated captcha code
2025-04-23 21:02:51,862 - DEBUG - Generated captcha code
2025-04-23 21:02:51,868 - DEBUG - Generated captcha code
2025-04-23 21:02:51,871 - DEBUG - Generated captcha code
2025-04-23 21:02:54,254 - DEBUG - Generated captcha code
2025-04-23 21:02:54,263 - DEBUG - Generated captcha code
2025-04-23 21:03:03,501 - DEBUG - Generated captcha code
2025-04-23 21:03:03,504 - DEBUG - Generated captcha code
2025-04-23 21:03:03,520 - DEBUG - Generated captcha code
2025-04-23 21:03:03,524 - DEBUG - Generated captcha code
2025-04-23 21:03:14,772 - DEBUG - Generated captcha code
2025-04-23 21:03:14,776 - DEBUG - Generated captcha code
2025-04-23 21:03:15,050 - DEBUG - Generated captcha code
2025-04-23 21:03:15,108 - DEBUG - Generated captcha code
2025-04-23 21:03:21,735 - DEBUG - Generated captcha code
2025-04-23 21:03:21,746 - DEBUG - Generated captcha code
2025-04-23 21:03:39,303 - DEBUG - Generated captcha code
2025-04-23 21:03:39,307 - DEBUG - Generated captcha code
2025-04-23 21:03:39,333 - DEBUG - Generated captcha code
2025-04-23 21:03:39,337 - DEBUG - Generated captcha code
2025-04-23 21:03:50,496 - DEBUG - Generated captcha code
2025-04-23 21:03:50,503 - DEBUG - Generated captcha code
2025-04-23 21:03:50,506 - DEBUG - Generated captcha code
2025-04-23 21:03:50,508 - DEBUG - Generated captcha code
2025-04-23 21:04:02,130 - DEBUG - Generated captcha code
2025-04-23 21:04:02,137 - DEBUG - Generated captcha code
2025-04-23 21:04:02,139 - DEBUG - Generated captcha code
2025-04-23 21:04:02,144 - DEBUG - Generated captcha code
2025-04-23 21:04:25,943 - DEBUG - Generated captcha code
2025-04-23 21:04:25,947 - DEBUG - Generated captcha code
2025-04-23 21:04:25,953 - DEBUG - Generated captcha code
2025-04-23 21:04:25,957 - DEBUG - Generated captcha code
2025-04-23 21:04:30,067 - DEBUG - Generated captcha code
2025-04-23 21:04:30,079 - DEBUG - Generated captcha code
2025-04-23 21:04:43,710 - DEBUG - Generated captcha code
2025-04-23 21:04:43,722 - DEBUG - Generated captcha code
2025-04-23 21:04:45,814 - DEBUG - Generated captcha code
2025-04-23 21:04:49,248 - DEBUG - Generated captcha code
2025-04-23 21:04:58,600 - DEBUG - Generated captcha code
2025-04-23 21:05:37,270 - DEBUG - Generated captcha code
2025-04-23 21:05:37,284 - DEBUG - Generated captcha code
2025-04-23 21:05:39,665 - DEBUG - Generated captcha code
2025-04-23 21:05:40,763 - DEBUG - Generated captcha code
2025-04-23 21:05:41,247 - DEBUG - Generated captcha code
2025-04-23 21:05:41,612 - DEBUG - Generated captcha code
2025-04-23 21:05:41,814 - DEBUG - Generated captcha code
2025-04-23 21:05:59,153 - DEBUG - Generated captcha code
2025-04-23 21:05:59,441 - DEBUG - Generated captcha code
2025-04-23 21:06:24,142 - DEBUG - Generated captcha code
2025-04-23 21:06:24,152 - DEBUG - Generated captcha code
2025-04-23 21:06:25,772 - DEBUG - Generated captcha code
2025-04-23 21:07:37,660 - DEBUG - Generated captcha code
2025-04-23 21:11:07,957 - DEBUG - Generated captcha code
2025-04-23 21:11:07,979 - DEBUG - Generated captcha code
2025-04-23 21:11:12,645 - DEBUG - Generated captcha code
2025-04-23 21:11:12,650 - DEBUG - Generated captcha code
2025-04-23 21:11:19,165 - DEBUG - Generated captcha code
2025-04-23 21:11:19,175 - DEBUG - Generated captcha code
2025-04-23 21:11:21,302 - DEBUG - Generated captcha code
2025-04-23 21:12:04,219 - DEBUG - Generated captcha code
2025-04-23 21:12:04,504 - DEBUG - Generated captcha code
2025-04-23 21:12:06,274 - DEBUG - Generated captcha code
2025-04-23 21:12:06,296 - DEBUG - Generated captcha code
2025-04-23 21:12:08,016 - DEBUG - Generated captcha code
2025-04-23 21:12:35,296 - DEBUG - Generated captcha code
2025-04-23 21:12:35,311 - DEBUG - Generated captcha code
2025-04-23 21:12:42,079 - DEBUG - Captcha data: b"{'code': 'RLHN', 'created_at': '2025-04-23T21:12:35.311315'}"
2025-04-23 21:12:51,845 - DEBUG - Generated captcha code
2025-04-23 21:12:51,854 - DEBUG - Generated captcha code
2025-04-23 21:13:03,501 - DEBUG - Generated captcha code
2025-04-23 21:13:17,961 - DEBUG - Generated captcha code
2025-04-23 21:13:26,427 - DEBUG - Captcha data: b"{'code': 'KJAT', 'created_at': '2025-04-23T21:13:17.961682'}"
2025-04-23 21:16:18,780 - DEBUG - Captcha data: {'code': 'KJAT', 'created_at': '2025-04-23T21:13:17.961682'}
2025-04-23 21:17:29,542 - DEBUG - Generated captcha code
2025-04-23 21:17:34,836 - DEBUG - Captcha data: {'code': '7F8W', 'created_at': '2025-04-23T21:17:29.543998'}
2025-04-23 21:25:27,514 - ERROR - Error parsing captcha data: eval() arg 1 must be a string, bytes or code object
2025-04-23 21:36:09,002 - ERROR - Error parsing captcha data: eval() arg 1 must be a string, bytes or code object
2025-04-23 23:30:23,094 - ERROR - Error parsing captcha data: eval() arg 1 must be a string, bytes or code object
2025-04-23 23:30:27,519 - ERROR - Error parsing captcha data: eval() arg 1 must be a string, bytes or code object
2025-04-23 23:30:27,753 - ERROR - Error parsing captcha data: eval() arg 1 must be a string, bytes or code object
2025-04-23 23:30:27,934 - ERROR - Error parsing captcha data: eval() arg 1 must be a string, bytes or code object
2025-04-23 23:30:28,099 - ERROR - Error parsing captcha data: eval() arg 1 must be a string, bytes or code object
2025-04-23 23:34:16,292 - ERROR - Error parsing captcha data: eval() arg 1 must be a string, bytes or code object
2025-04-23 23:44:50,093 - ERROR - Error parsing captcha data: eval() arg 1 must be a string, bytes or code object
2025-04-23 23:45:04,617 - ERROR - Error parsing captcha data: eval() arg 1 must be a string, bytes or code object
2025-04-23 23:48:15,035 - ERROR - Error parsing captcha data: eval() arg 1 must be a string, bytes or code object
